2016-07-12 11:49:52 Notice: Notice (8): Undefined variable: title in [/Applications/MAMP/htdocs/hoppinger/src/Template/Pages/home.ctp, line 3]
Request URL: /hoppinger/
Referer URL: http://localhost/hoppinger/pages/opdracht
Trace:
Cake\Error\BaseErrorHandler::handleError() - CORE/src/Error/BaseErrorHandler.php, line 146
include - APP/Template/Pages/home.ctp, line 3
Cake\View\View::_evaluate() - CORE/src/View/View.php, line 995
Cake\View\View::_render() - CORE/src/View/View.php, line 955
Cake\View\View::render() - CORE/src/View/View.php, line 587
Cake\Controller\Controller::render() - CORE/src/Controller/Controller.php, line 611
App\Controller\PagesController::display() - APP/Controller/PagesController.php, line 57
Cake\Controller\Controller::invokeAction() - CORE/src/Controller/Controller.php, line 429
Cake\Routing\Dispatcher::_invoke() - CORE/src/Routing/Dispatcher.php, line 114
Cake\Routing\Dispatcher::dispatch() - CORE/src/Routing/Dispatcher.php, line 87
[main] - ROOT/webroot/index.php, line 37



2016-07-12 11:52:25 Notice: Notice (8): Undefined variable: title in [/Applications/MAMP/htdocs/hoppinger/src/Template/Pages/home.ctp, line 3]
Request URL: /hoppinger/
Referer URL: http://localhost/hoppinger/pages/opdracht
Trace:
Cake\Error\BaseErrorHandler::handleError() - CORE/src/Error/BaseErrorHandler.php, line 146
include - APP/Template/Pages/home.ctp, line 3
Cake\View\View::_evaluate() - CORE/src/View/View.php, line 995
Cake\View\View::_render() - CORE/src/View/View.php, line 955
Cake\View\View::render() - CORE/src/View/View.php, line 587
Cake\Controller\Controller::render() - CORE/src/Controller/Controller.php, line 611
App\Controller\PagesController::display() - APP/Controller/PagesController.php, line 57
Cake\Controller\Controller::invokeAction() - CORE/src/Controller/Controller.php, line 429
Cake\Routing\Dispatcher::_invoke() - CORE/src/Routing/Dispatcher.php, line 114
Cake\Routing\Dispatcher::dispatch() - CORE/src/Routing/Dispatcher.php, line 87
[main] - ROOT/webroot/index.php, line 37



2016-07-12 11:52:26 Notice: Notice (8): Undefined variable: title in [/Applications/MAMP/htdocs/hoppinger/src/Template/Pages/home.ctp, line 3]
Request URL: /hoppinger/
Referer URL: http://localhost/hoppinger/pages/opdracht
Trace:
Cake\Error\BaseErrorHandler::handleError() - CORE/src/Error/BaseErrorHandler.php, line 146
include - APP/Template/Pages/home.ctp, line 3
Cake\View\View::_evaluate() - CORE/src/View/View.php, line 995
Cake\View\View::_render() - CORE/src/View/View.php, line 955
Cake\View\View::render() - CORE/src/View/View.php, line 587
Cake\Controller\Controller::render() - CORE/src/Controller/Controller.php, line 611
App\Controller\PagesController::display() - APP/Controller/PagesController.php, line 57
Cake\Controller\Controller::invokeAction() - CORE/src/Controller/Controller.php, line 429
Cake\Routing\Dispatcher::_invoke() - CORE/src/Routing/Dispatcher.php, line 114
Cake\Routing\Dispatcher::dispatch() - CORE/src/Routing/Dispatcher.php, line 87
[main] - ROOT/webroot/index.php, line 37



2016-07-12 11:54:08 Notice: Notice (8): Undefined variable: title in [/Applications/MAMP/htdocs/hoppinger/src/Template/Pages/home.ctp, line 3]
Request URL: /hoppinger/
Referer URL: http://localhost/hoppinger/pages/opdracht
Trace:
Cake\Error\BaseErrorHandler::handleError() - CORE/src/Error/BaseErrorHandler.php, line 146
include - APP/Template/Pages/home.ctp, line 3
Cake\View\View::_evaluate() - CORE/src/View/View.php, line 995
Cake\View\View::_render() - CORE/src/View/View.php, line 955
Cake\View\View::render() - CORE/src/View/View.php, line 587
Cake\Controller\Controller::render() - CORE/src/Controller/Controller.php, line 611
App\Controller\PagesController::display() - APP/Controller/PagesController.php, line 57
Cake\Controller\Controller::invokeAction() - CORE/src/Controller/Controller.php, line 429
Cake\Routing\Dispatcher::_invoke() - CORE/src/Routing/Dispatcher.php, line 114
Cake\Routing\Dispatcher::dispatch() - CORE/src/Routing/Dispatcher.php, line 87
[main] - ROOT/webroot/index.php, line 37



2016-07-12 11:54:09 Notice: Notice (8): Undefined variable: title in [/Applications/MAMP/htdocs/hoppinger/src/Template/Pages/home.ctp, line 3]
Request URL: /hoppinger/
Referer URL: http://localhost/hoppinger/
Trace:
Cake\Error\BaseErrorHandler::handleError() - CORE/src/Error/BaseErrorHandler.php, line 146
include - APP/Template/Pages/home.ctp, line 3
Cake\View\View::_evaluate() - CORE/src/View/View.php, line 995
Cake\View\View::_render() - CORE/src/View/View.php, line 955
Cake\View\View::render() - CORE/src/View/View.php, line 587
Cake\Controller\Controller::render() - CORE/src/Controller/Controller.php, line 611
App\Controller\PagesController::display() - APP/Controller/PagesController.php, line 57
Cake\Controller\Controller::invokeAction() - CORE/src/Controller/Controller.php, line 429
Cake\Routing\Dispatcher::_invoke() - CORE/src/Routing/Dispatcher.php, line 114
Cake\Routing\Dispatcher::dispatch() - CORE/src/Routing/Dispatcher.php, line 87
[main] - ROOT/webroot/index.php, line 37



